<?xml version="1.0" encoding="UTF-8"?>
<!-- Generated by org.testng.reporters.JUnitReportReporter -->
<testsuite hostname="1-LAMBUI-W1" failures="0" tests="1" name="testcaseQC.OrderingTest" time="0.901" errors="0" timestamp="2025-09-24T19:28:06 ICT" skipped="0">
  <testcase classname="testcaseQC.OrderingTest" name="testOrdering" time="0.901"/>
</testsuite> <!-- testcaseQC.OrderingTest -->
