<?xml version="1.0" encoding="UTF-8"?>
<!-- Generated by org.testng.reporters.JUnitReportReporter -->
<testsuite hostname="1-LAMBUI-W1" failures="0" tests="1" name="testcaseQC.OrderingTest" time="1.262" errors="0" timestamp="2025-09-24T23:00:40 ICT" skipped="0">
  <testcase classname="testcaseQC.OrderingTest" name="testOrdering" time="1.262"/>
</testsuite> <!-- testcaseQC.OrderingTest -->
